<?xml version="1.0" encoding="UTF-8"?>
<testsuite xmlns:xsi="http://www.w3.org/2001/XMLSchema-instance" xsi:noNamespaceSchemaLocation="https://maven.apache.org/surefire/maven-surefire-plugin/xsd/surefire-test-report-3.0.xsd" version="3.0" name="com.runnerUtilies.TestRunner" time="43.969" tests="7" errors="0" skipped="0" failures="0">
  <properties>
[...]
</properties>
  <testcase name="Given user is on DIL login page" classname="| DemoProject | CreatingPipeLine | Test | TestTag | Updated Project |" time="0.002"/>
  <testcase name="When enter username and password" classname="| DemoProject | CreatingPipeLine | Test | TestTag | Updated Project |" time="0"/>
  <testcase name="And clicks on createProject tab" classname="| DemoProject | CreatingPipeLine | Test | TestTag | Updated Project |" time="0"/>
  <testcase name="When enters &quot;DemoProject&quot;,&quot;CreatingPipeLine&quot;,&quot;Test&quot; and select engine" classname="| DemoProject | CreatingPipeLine | Test | TestTag | Updated Project |" time="0"/>
  <testcase name="And created &quot;DemoProject&quot; with &quot;Test&quot;is validated in project listing page" classname="| DemoProject | CreatingPipeLine | Test | TestTag | Updated Project |" time="0"/>
  <testcase name="Then &quot;TestTag&quot; and &quot;CreatingPipeLine&quot; is updated and validated" classname="| DemoProject | CreatingPipeLine | Test | TestTag | Updated Project |" time="0"/>
  <testcase name="" classname="| DemoProject | CreatingPipeLine | Test | TestTag | Updated Project |" time="0.076"/>
</testsuite>